<?xml version="1.0" encoding="UTF-8"?>
<testng-results ignored="0" total="2" passed="2" failed="0" skipped="0">
  <reporter-output>
  </reporter-output>
  <suite started-at="2023-03-10T12:58:48 IST" name="Suite" finished-at="2023-03-10T12:58:48 IST" duration-ms="83">
    <groups>
    </groups>
    <test started-at="2023-03-10T12:58:48 IST" name="Test" finished-at="2023-03-10T12:58:48 IST" duration-ms="83">
      <class name="practice.PracticeClass2">
        <test-method signature="test()[pri:0, instance:practice.PracticeClass2@2b91004a]" started-at="2023-03-10T12:58:48 IST" name="test" finished-at="2023-03-10T12:58:48 IST" duration-ms="4" status="PASS">
          <reporter-output>
          </reporter-output>
        </test-method> <!-- test -->
      </class> <!-- practice.PracticeClass2 -->
      <class name="practice.PracticeClass1">
        <test-method signature="test()[pri:0, instance:practice.PracticeClass1@78123e82]" started-at="2023-03-10T12:58:48 IST" name="test" finished-at="2023-03-10T12:58:48 IST" duration-ms="12" status="PASS">
          <reporter-output>
          </reporter-output>
        </test-method> <!-- test -->
      </class> <!-- practice.PracticeClass1 -->
    </test> <!-- Test -->
  </suite> <!-- Suite -->
</testng-results>
